+ issue 1:
+ ```
npm ERR! code ELIFECYCLE
npm ERR! errno 1
npm ERR! @tensorflow/tfjs-node@3.21.1 install: `node scripts/install.js`
npm ERR! Exit status 1
npm ERR!
npm ERR! Failed at the @tensorflow/tfjs-node@3.21.1 install script.
npm ERR! This is probably not a problem with npm. There is likely additional logging output above
```
++ solved: 
```
  1. sudo npm cache clean -f
  2. sudo npm install -g n
  3. sudo n stable
  4. sudo npm install --unsafe-perm=true --allow-root
```

